<?xml version="1.0" encoding="UTF-8"?>
<!-- Generated by org.testng.reporters.JUnitReportReporter -->
<testsuite hostname="DESKTOP-2L9NM0M" failures="0" tests="1" name="com.mpokket.newproject.test.AmazonTestCasesTest" time="32.110" errors="0" timestamp="2021-04-09T15:51:07 IST" skipped="0">
  <testcase classname="com.mpokket.newproject.test.AmazonTestCasesTest" name="addProductToCartAndVerify" time="32.110"/>
  <system-out/>
</testsuite> <!-- com.mpokket.newproject.test.AmazonTestCasesTest -->
